<?xml version="1.0" encoding="UTF-8"?>
<!-- Generated by org.testng.reporters.JUnitReportReporter -->
<testsuite hostname="DESKTOP-6MP55UK" failures="0" tests="1" name="com.flipkart.practice.NewTest" time="63.854" errors="0" timestamp="2022-10-11T22:33:55 IST" skipped="0">
  <testcase classname="com.flipkart.practice.NewTest" name="FlipkartFirefox" time="63.854"/>
  <system-out/>
</testsuite> <!-- com.flipkart.practice.NewTest -->
