<?xml version="1.0" encoding="UTF-8"?>
<!-- Generated by org.testng.reporters.JUnitReportReporter -->
<testsuite hostname="DESKTOP-6MP55UK" failures="0" tests="1" name="com.flipkart.practice.FlipkartTesting" time="44.069" errors="0" timestamp="2022-10-12T01:54:49 IST" skipped="0">
  <testcase classname="com.flipkart.practice.FlipkartTesting" name="flipkart" time="44.069"/>
  <system-out/>
</testsuite> <!-- com.flipkart.practice.FlipkartTesting -->
